Arguments: 
  /usr/bin/node /usr/share/yarn/bin/yarn.js add express normalize.css source-map-support vue

PATH: 
  /usr/local/sbin:/usr/local/bin:/usr/sbin:/usr/bin:/sbin:/bin:/usr/games:/usr/local/games:/snap/bin

Yarn version: 
  1.3.2

Node version: 
  9.3.0

Platform: 
  linux x64

npm manifest: 
  {
    "name": "JingoManager",
    "version": "1.0.0",
    "main": "server.js",
    "author": "Sam Shores",
    "license": "MIT",
    "scripts": {
      "start": "make run",
      "stop": "make stop"
    },
    "dependencies": {
      "express": "^4.16.2",
      "normalize.css": "^7.0.0",
      "source-map-support": "^0.5.0",
      "vue": "^2.5.3",
    },
    "devDependencies": {
      "babel-cli": "^6.26.0",
      "babel-core": "^6.26.0",
      "babel-plugin-external-helpers": "^6.22.0",
      "babel-preset-env": "^1.6.1",
      "rollup": "^0.50.0",
      "rollup-plugin-alias": "^1.4.0",
      "rollup-plugin-babel": "^3.0.2",
      "rollup-plugin-commonjs": "^8.2.6",
      "rollup-plugin-node-resolve": "^3.0.0",
      "rollup-plugin-replace": "^2.0.0",
      "rollup-plugin-uglify": "^2.0.1",
      "stylus": "^0.54.5"
    }
  }

yarn manifest: 
  No manifest

Lockfile: 
  No lockfile

Trace: 
  SyntaxError: /home/plaidphantom/Projects/JingoManager/package.json: Unexpected token } in JSON at position 324
      at JSON.parse (<anonymous>)
      at /usr/share/yarn/lib/cli.js:770:59
      at Generator.next (<anonymous>)
      at step (/usr/share/yarn/lib/cli.js:92:30)
      at /usr/share/yarn/lib/cli.js:103:13
      at <anonymous>
